[INFO   ] Starting gmx_MMPBSA 1.6.4
[DEBUG  ] WDIR          : /media/oussama/Nouveau nom/molecule article/article.3/GROMACS/mb2/Mb2/article3
[DEBUG  ] AMBERHOME     : /home/oussama/miniconda3/envs/gmxmmpbsa
[DEBUG  ] PYTHON EXE    : /home/oussama/miniconda3/envs/gmxmmpbsa/bin/python
[DEBUG  ] PYTHON VERSION: 3.10.18 | packaged by conda-forge | (main, Jun  4 2025, 14:45:41) [GCC 13.3.0]
[DEBUG  ] MPI           : /home/oussama/miniconda3/envs/gmxmmpbsa/bin/mpirun
[DEBUG  ] ParmEd        : 4.3.0
[DEBUG  ] OS PLATFORM   : Linux-6.8.0-60-generic-x86_64-with-glibc2.35
[DEBUG  ] OS SYSTEM     : Linux
[DEBUG  ] OS VERSION    : #63~22.04.1-Ubuntu SMP PREEMPT_DYNAMIC Tue Apr 22 19:00:15 UTC 2
[DEBUG  ] OS PROCESSOR  : x86_64

[INFO   ] Command-line
  gmx_MMPBSA -O -i mmpbsa.in -cs MD.tpr -ci GBSA.ndx -cg 24 25 -ct MD_70_100.xtc -cp topol.top -o FINAL_RESULTS.dat -eo FINAL_DECOMP.dat

[DEBUG  ] |Input file:
[DEBUG  ] |--------------------------------------------------------------
[DEBUG  ] |&general
[DEBUG  ] |   startframe = 1,     endframe = 100,     interval = 1,
[DEBUG  ] |   verbose     = 1,    keep_files = 0,
[DEBUG  ] |/
[DEBUG  ] |&gb
[DEBUG  ] |   igb = 5,     saltcon = 0.15,
[DEBUG  ] |/
[DEBUG  ] |&decomp
[DEBUG  ] |   idecomp = 1,
[DEBUG  ] |/
[DEBUG  ] |
[DEBUG  ] |--------------------------------------------------------------
[DEBUG  ] 
[INFO   ] Checking mmpbsa.in input file...
[INFO   ] Checking mmpbsa.in input file...Done.

[INFO   ] Checking external programs...
[INFO   ] cpptraj found! Using /home/oussama/miniconda3/envs/gmxmmpbsa/bin/cpptraj
[INFO   ] tleap found! Using /home/oussama/miniconda3/envs/gmxmmpbsa/bin/tleap
[INFO   ] parmchk2 found! Using /home/oussama/miniconda3/envs/gmxmmpbsa/bin/parmchk2
[INFO   ] sander found! Using /home/oussama/miniconda3/envs/gmxmmpbsa/bin/sander
[INFO   ] Using GROMACS version > 5.x.x!
[INFO   ] gmx found! Using /home/oussama/Bureau/gromacs-2021.3/build/bin/gmx
[INFO   ] Checking external programs...Done.

[INFO   ] Building AMBER topologies from GROMACS files...
[INFO   ] Get PDB files from GROMACS structures files...
[INFO   ] Making gmx_MMPBSA index for complex...
[DEBUG  ] Running command: echo -e "name 24 GMXMMPBSA_REC\n name 25 GMXMMPBSA_LIG\n  24 | 25\n q\n" | /home/oussama/Bureau/gromacs-2021.3/build/bin/gmx make_ndx -n GBSA.ndx -o _GMXMMPBSA_COM_index.ndx -f MD.tpr
[DEBUG  ]                      :-) GROMACS - gmx make_ndx, 2021.3 (-:
[DEBUG  ] 
[DEBUG  ]                             GROMACS is written by:
[DEBUG  ]      Andrey Alekseenko              Emile Apol              Rossen Apostolov     
[DEBUG  ]          Paul Bauer           Herman J.C. Berendsen           Par Bjelkmar       
[DEBUG  ]        Christian Blau           Viacheslav Bolnykh             Kevin Boyd        
[DEBUG  ]      Aldert van Buuren           Rudi van Drunen             Anton Feenstra      
[DEBUG  ]     Gilles Gouaillardet             Alan Gray               Gerrit Groenhof      
[DEBUG  ]        Anca Hamuraru            Vincent Hindriksen          M. Eric Irrgang      
[DEBUG  ]       Aleksei Iupinov           Christoph Junghans             Joe Jordan        
[DEBUG  ]     Dimitrios Karkoulis            Peter Kasson                Jiri Kraus        
[DEBUG  ]       Carsten Kutzner              Per Larsson              Justin A. Lemkul     
[DEBUG  ]        Viveca Lindahl            Magnus Lundborg             Erik Marklund       
[DEBUG  ]         Pascal Merz             Pieter Meulenhoff            Teemu Murtola       
[DEBUG  ]         Szilard Pall               Sander Pronk              Roland Schulz       
[DEBUG  ]        Michael Shirts            Alexey Shvetsov             Alfons Sijbers      
[DEBUG  ]        Peter Tieleman              Jon Vincent              Teemu Virolainen     
[DEBUG  ]      Christian Wennberg            Maarten Wolf              Artem Zhmurov       
[DEBUG  ]                            and the project leaders:
[DEBUG  ]         Mark Abraham, Berk Hess, Erik Lindahl, and David van der Spoel
[DEBUG  ] 
[DEBUG  ] Copyright (c) 1991-2000, University of Groningen, The Netherlands.
[DEBUG  ] Copyright (c) 2001-2019, The GROMACS development team at
[DEBUG  ] Uppsala University, Stockholm University and
[DEBUG  ] the Royal Institute of Technology, Sweden.
[DEBUG  ] check out http://www.gromacs.org for more information.
[DEBUG  ] 
[DEBUG  ] GROMACS is free software; you can redistribute it and/or modify it
[DEBUG  ] under the terms of the GNU Lesser General Public License
[DEBUG  ] as published by the Free Software Foundation; either version 2.1
[DEBUG  ] of the License, or (at your option) any later version.
[DEBUG  ] 
[DEBUG  ] GROMACS:      gmx make_ndx, version 2021.3
[DEBUG  ] Executable:   /home/oussama/Bureau/gromacs-2021.3/build/bin/gmx
[DEBUG  ] Data prefix:  /home/oussama/Bureau/gromacs-2021.3 (source tree)
[DEBUG  ] Working dir:  /media/oussama/Nouveau nom/molecule article/article.3/GROMACS/mb2/Mb2/article3
[DEBUG  ] Command line:
[DEBUG  ]   gmx make_ndx -n GBSA.ndx -o _GMXMMPBSA_COM_index.ndx -f MD.tpr
[DEBUG  ] 
[DEBUG  ] 
[DEBUG  ] Reading structure file
[DEBUG  ] Reading file MD.tpr, VERSION 2021.4-Ubuntu-2021.4-2 (single precision)
[DEBUG  ] Reading file MD.tpr, VERSION 2021.4-Ubuntu-2021.4-2 (single precision)
[DEBUG  ] 
[DEBUG  ] GROMACS reminds you: "I love fools' experiments. I am always making them." (Charles Darwin)
[DEBUG  ] 
[DEBUG  ] Going to read 1 old index file(s)
[DEBUG  ] 
[DEBUG  ]   0 System              : 37446 atoms
[DEBUG  ]   1 Protein             :  4788 atoms
[DEBUG  ]   2 Protein-H           :  2366 atoms
[DEBUG  ]   3 C-alpha             :   294 atoms
[DEBUG  ]   4 Backbone            :   882 atoms
[DEBUG  ]   5 MainChain           :  1175 atoms
[DEBUG  ]   6 MainChain+Cb        :  1453 atoms
[DEBUG  ]   7 MainChain+H         :  1452 atoms
[DEBUG  ]   8 SideChain           :  3336 atoms
[DEBUG  ]   9 SideChain-H         :  1191 atoms
[DEBUG  ]  10 Prot-Masses         :  4788 atoms
[DEBUG  ]  11 non-Protein         : 32658 atoms
[DEBUG  ]  12 Other               :    53 atoms
[DEBUG  ]  13 LIG                 :    53 atoms
[DEBUG  ]  14 NA                  :    23 atoms
[DEBUG  ]  15 CL                  :    29 atoms
[DEBUG  ]  16 Water               : 32553 atoms
[DEBUG  ]  17 SOL                 : 32553 atoms
[DEBUG  ]  18 non-Water           :  4893 atoms
[DEBUG  ]  19 Ion                 :    52 atoms
[DEBUG  ]  20 LIG                 :    53 atoms
[DEBUG  ]  21 NA                  :    23 atoms
[DEBUG  ]  22 CL                  :    29 atoms
[DEBUG  ]  23 Water_and_ions      : 32605 atoms
[DEBUG  ]  24 Protein             :  4788 atoms
[DEBUG  ]  25 Ligand              :    53 atoms
[DEBUG  ] 
[DEBUG  ]  nr : group      '!': not  'name' nr name   'splitch' nr    Enter: list groups
[DEBUG  ]  'a': atom       '&': and  'del' nr         'splitres' nr   'l': list residues
[DEBUG  ]  't': atom type  '|': or   'keep' nr        'splitat' nr    'h': help
[DEBUG  ]  'r': residue              'res' nr         'chain' char
[DEBUG  ]  "name": group             'case': case sensitive           'q': save and quit
[DEBUG  ]  'ri': residue index
[DEBUG  ] 
[DEBUG  ] > 
[DEBUG  ] 
[DEBUG  ] > 
[DEBUG  ] 
[DEBUG  ] > 
[DEBUG  ] Copied index group 24 'GMXMMPBSA_REC'
[DEBUG  ] Copied index group 25 'GMXMMPBSA_LIG'
[DEBUG  ] Merged two groups with OR: 4788 53 -> 4841
[DEBUG  ] 
[DEBUG  ]  26 GMXMMPBSA_REC_GMXMMPBSA_LIG:  4841 atoms
[DEBUG  ] 
[DEBUG  ] > 
[INFO   ] Normal Complex: Saving group Protein_Ligand (24_25) in _GMXMMPBSA_COM_index.ndx file as _GMXMMPBSA_COM.pdb
[DEBUG  ] Running command: echo -e "GMXMMPBSA_REC_GMXMMPBSA_LIG"| /home/oussama/Bureau/gromacs-2021.3/build/bin/gmx trjconv -f MD_70_100.xtc -s MD.tpr -o _GMXMMPBSA_COM.pdb -n _GMXMMPBSA_COM_index.ndx -dump 0
[DEBUG  ]                      :-) GROMACS - gmx trjconv, 2021.3 (-:
[DEBUG  ] 
[DEBUG  ]                             GROMACS is written by:
[DEBUG  ]      Andrey Alekseenko              Emile Apol              Rossen Apostolov     
[DEBUG  ]          Paul Bauer           Herman J.C. Berendsen           Par Bjelkmar       
[DEBUG  ]        Christian Blau           Viacheslav Bolnykh             Kevin Boyd        
[DEBUG  ]      Aldert van Buuren           Rudi van Drunen             Anton Feenstra      
[DEBUG  ]     Gilles Gouaillardet             Alan Gray               Gerrit Groenhof      
[DEBUG  ]        Anca Hamuraru            Vincent Hindriksen          M. Eric Irrgang      
[DEBUG  ]       Aleksei Iupinov           Christoph Junghans             Joe Jordan        
[DEBUG  ]     Dimitrios Karkoulis            Peter Kasson                Jiri Kraus        
[DEBUG  ]       Carsten Kutzner              Per Larsson              Justin A. Lemkul     
[DEBUG  ]        Viveca Lindahl            Magnus Lundborg             Erik Marklund       
[DEBUG  ]         Pascal Merz             Pieter Meulenhoff            Teemu Murtola       
[DEBUG  ]         Szilard Pall               Sander Pronk              Roland Schulz       
[DEBUG  ]        Michael Shirts            Alexey Shvetsov             Alfons Sijbers      
[DEBUG  ]        Peter Tieleman              Jon Vincent              Teemu Virolainen     
[DEBUG  ]      Christian Wennberg            Maarten Wolf              Artem Zhmurov       
[DEBUG  ]                            and the project leaders:
[DEBUG  ]         Mark Abraham, Berk Hess, Erik Lindahl, and David van der Spoel
[DEBUG  ] 
[DEBUG  ] Copyright (c) 1991-2000, University of Groningen, The Netherlands.
[DEBUG  ] Copyright (c) 2001-2019, The GROMACS development team at
[DEBUG  ] Uppsala University, Stockholm University and
[DEBUG  ] the Royal Institute of Technology, Sweden.
[DEBUG  ] check out http://www.gromacs.org for more information.
[DEBUG  ] 
[DEBUG  ] GROMACS is free software; you can redistribute it and/or modify it
[DEBUG  ] under the terms of the GNU Lesser General Public License
[DEBUG  ] as published by the Free Software Foundation; either version 2.1
[DEBUG  ] of the License, or (at your option) any later version.
[DEBUG  ] 
[DEBUG  ] GROMACS:      gmx trjconv, version 2021.3
[DEBUG  ] Executable:   /home/oussama/Bureau/gromacs-2021.3/build/bin/gmx
[DEBUG  ] Data prefix:  /home/oussama/Bureau/gromacs-2021.3 (source tree)
[DEBUG  ] Working dir:  /media/oussama/Nouveau nom/molecule article/article.3/GROMACS/mb2/Mb2/article3
[DEBUG  ] Command line:
[DEBUG  ]   gmx trjconv -f MD_70_100.xtc -s MD.tpr -o _GMXMMPBSA_COM.pdb -n _GMXMMPBSA_COM_index.ndx -dump 0
[DEBUG  ] 
[DEBUG  ] Will write pdb: Protein data bank file
[DEBUG  ] Reading file MD.tpr, VERSION 2021.4-Ubuntu-2021.4-2 (single precision)
[DEBUG  ] Reading file MD.tpr, VERSION 2021.4-Ubuntu-2021.4-2 (single precision)
[DEBUG  ] Group     0 (         System) has 37446 elements
[DEBUG  ] Group     1 (        Protein) has  4788 elements
[DEBUG  ] Group     2 (      Protein-H) has  2366 elements
[DEBUG  ] Group     3 (        C-alpha) has   294 elements
[DEBUG  ] Group     4 (       Backbone) has   882 elements
[DEBUG  ] Group     5 (      MainChain) has  1175 elements
[DEBUG  ] Group     6 (   MainChain+Cb) has  1453 elements
[DEBUG  ] Group     7 (    MainChain+H) has  1452 elements
[DEBUG  ] Group     8 (      SideChain) has  3336 elements
[DEBUG  ] Group     9 (    SideChain-H) has  1191 elements
[DEBUG  ] Group    10 (    Prot-Masses) has  4788 elements
[DEBUG  ] Group    11 (    non-Protein) has 32658 elements
[DEBUG  ] Group    12 (          Other) has    53 elements
[DEBUG  ] Group    13 (            LIG) has    53 elements
[DEBUG  ] Group    14 (             NA) has    23 elements
[DEBUG  ] Group    15 (             CL) has    29 elements
[DEBUG  ] Group    16 (          Water) has 32553 elements
[DEBUG  ] Group    17 (            SOL) has 32553 elements
[DEBUG  ] Group    18 (      non-Water) has  4893 elements
[DEBUG  ] Group    19 (            Ion) has    52 elements
[DEBUG  ] Group    20 (            LIG) has    53 elements
[DEBUG  ] Group    21 (             NA) has    23 elements
[DEBUG  ] Group    22 (             CL) has    29 elements
[DEBUG  ] Group    23 ( Water_and_ions) has 32605 elements
[DEBUG  ] Group    24 (  GMXMMPBSA_REC) has  4788 elements
[DEBUG  ] Group    25 (  GMXMMPBSA_LIG) has    53 elements
[DEBUG  ] Group    26 (GMXMMPBSA_REC_GMXMMPBSA_LIG) has  4841 elements
[DEBUG  ] Select a group: Reading frame       0 time 70000.000   
[DEBUG  ] Precision of MD_70_100.xtc is 0.001 (nm)
[DEBUG  ] Reading frame       1 time 70300.000   Reading frame       0 time 70000.000   
[DEBUG  ] Dumping frame at t= 70000 ps
[DEBUG  ] 
[DEBUG  ] GROMACS reminds you: "I love fools' experiments. I am always making them." (Charles Darwin)
[DEBUG  ] 
[DEBUG  ] Note that major changes are planned in future for trjconv, to improve usability and utility.
[DEBUG  ] Select group for output
[DEBUG  ] Selected 26: 'GMXMMPBSA_REC_GMXMMPBSA_LIG'
[INFO   ] No receptor structure file was defined. Using ST approach...
[INFO   ] Using receptor structure from complex to generate AMBER topology
[INFO   ] Normal Receptor: Saving group Protein (24) in _GMXMMPBSA_COM_index.ndx file as _GMXMMPBSA_REC.pdb
[DEBUG  ] Running command: echo -e "24"| /home/oussama/Bureau/gromacs-2021.3/build/bin/gmx trjconv -f MD_70_100.xtc -s MD.tpr -o _GMXMMPBSA_REC.pdb -n _GMXMMPBSA_COM_index.ndx -dump 0
[DEBUG  ]                      :-) GROMACS - gmx trjconv, 2021.3 (-:
[DEBUG  ] 
[DEBUG  ]                             GROMACS is written by:
[DEBUG  ]      Andrey Alekseenko              Emile Apol              Rossen Apostolov     
[DEBUG  ]          Paul Bauer           Herman J.C. Berendsen           Par Bjelkmar       
[DEBUG  ]        Christian Blau           Viacheslav Bolnykh             Kevin Boyd        
[DEBUG  ]      Aldert van Buuren           Rudi van Drunen             Anton Feenstra      
[DEBUG  ]     Gilles Gouaillardet             Alan Gray               Gerrit Groenhof      
[DEBUG  ]        Anca Hamuraru            Vincent Hindriksen          M. Eric Irrgang      
[DEBUG  ]       Aleksei Iupinov           Christoph Junghans             Joe Jordan        
[DEBUG  ]     Dimitrios Karkoulis            Peter Kasson                Jiri Kraus        
[DEBUG  ]       Carsten Kutzner              Per Larsson              Justin A. Lemkul     
[DEBUG  ]        Viveca Lindahl            Magnus Lundborg             Erik Marklund       
[DEBUG  ]         Pascal Merz             Pieter Meulenhoff            Teemu Murtola       
[DEBUG  ]         Szilard Pall               Sander Pronk              Roland Schulz       
[DEBUG  ]        Michael Shirts            Alexey Shvetsov             Alfons Sijbers      
[DEBUG  ]        Peter Tieleman              Jon Vincent              Teemu Virolainen     
[DEBUG  ]      Christian Wennberg            Maarten Wolf              Artem Zhmurov       
[DEBUG  ]                            and the project leaders:
[DEBUG  ]         Mark Abraham, Berk Hess, Erik Lindahl, and David van der Spoel
[DEBUG  ] 
[DEBUG  ] Copyright (c) 1991-2000, University of Groningen, The Netherlands.
[DEBUG  ] Copyright (c) 2001-2019, The GROMACS development team at
[DEBUG  ] Uppsala University, Stockholm University and
[DEBUG  ] the Royal Institute of Technology, Sweden.
[DEBUG  ] check out http://www.gromacs.org for more information.
[DEBUG  ] 
[DEBUG  ] GROMACS is free software; you can redistribute it and/or modify it
[DEBUG  ] under the terms of the GNU Lesser General Public License
[DEBUG  ] as published by the Free Software Foundation; either version 2.1
[DEBUG  ] of the License, or (at your option) any later version.
[DEBUG  ] 
[DEBUG  ] GROMACS:      gmx trjconv, version 2021.3
[DEBUG  ] Executable:   /home/oussama/Bureau/gromacs-2021.3/build/bin/gmx
[DEBUG  ] Data prefix:  /home/oussama/Bureau/gromacs-2021.3 (source tree)
[DEBUG  ] Working dir:  /media/oussama/Nouveau nom/molecule article/article.3/GROMACS/mb2/Mb2/article3
[DEBUG  ] Command line:
[DEBUG  ]   gmx trjconv -f MD_70_100.xtc -s MD.tpr -o _GMXMMPBSA_REC.pdb -n _GMXMMPBSA_COM_index.ndx -dump 0
[DEBUG  ] 
[DEBUG  ] Will write pdb: Protein data bank file
[DEBUG  ] Reading file MD.tpr, VERSION 2021.4-Ubuntu-2021.4-2 (single precision)
[DEBUG  ] Reading file MD.tpr, VERSION 2021.4-Ubuntu-2021.4-2 (single precision)
[DEBUG  ] Group     0 (         System) has 37446 elements
[DEBUG  ] Group     1 (        Protein) has  4788 elements
[DEBUG  ] Group     2 (      Protein-H) has  2366 elements
[DEBUG  ] Group     3 (        C-alpha) has   294 elements
[DEBUG  ] Group     4 (       Backbone) has   882 elements
[DEBUG  ] Group     5 (      MainChain) has  1175 elements
[DEBUG  ] Group     6 (   MainChain+Cb) has  1453 elements
[DEBUG  ] Group     7 (    MainChain+H) has  1452 elements
[DEBUG  ] Group     8 (      SideChain) has  3336 elements
[DEBUG  ] Group     9 (    SideChain-H) has  1191 elements
[DEBUG  ] Group    10 (    Prot-Masses) has  4788 elements
[DEBUG  ] Group    11 (    non-Protein) has 32658 elements
[DEBUG  ] Group    12 (          Other) has    53 elements
[DEBUG  ] Group    13 (            LIG) has    53 elements
[DEBUG  ] Group    14 (             NA) has    23 elements
[DEBUG  ] Group    15 (             CL) has    29 elements
[DEBUG  ] Group    16 (          Water) has 32553 elements
[DEBUG  ] Group    17 (            SOL) has 32553 elements
[DEBUG  ] Group    18 (      non-Water) has  4893 elements
[DEBUG  ] Group    19 (            Ion) has    52 elements
[DEBUG  ] Group    20 (            LIG) has    53 elements
[DEBUG  ] Group    21 (             NA) has    23 elements
[DEBUG  ] Group    22 (             CL) has    29 elements
[DEBUG  ] Group    23 ( Water_and_ions) has 32605 elements
[DEBUG  ] Group    24 (  GMXMMPBSA_REC) has  4788 elements
[DEBUG  ] Group    25 (  GMXMMPBSA_LIG) has    53 elements
[DEBUG  ] Group    26 (GMXMMPBSA_REC_GMXMMPBSA_LIG) has  4841 elements
[DEBUG  ] Select a group: Reading frame       0 time 70000.000   
[DEBUG  ] Precision of MD_70_100.xtc is 0.001 (nm)
[DEBUG  ] Reading frame       1 time 70300.000   Reading frame       0 time 70000.000   
[DEBUG  ] Dumping frame at t= 70000 ps
[DEBUG  ] 
[DEBUG  ] GROMACS reminds you: "I love fools' experiments. I am always making them." (Charles Darwin)
[DEBUG  ] 
[DEBUG  ] Note that major changes are planned in future for trjconv, to improve usability and utility.
[DEBUG  ] Select group for output
[DEBUG  ] Selected 24: 'GMXMMPBSA_REC'
[INFO   ] No ligand structure file was defined. Using ST approach...
[INFO   ] Using ligand structure from complex to generate AMBER topology
[INFO   ] Normal Ligand: Saving group Ligand (25) in _GMXMMPBSA_COM_index.ndx file as _GMXMMPBSA_LIG.pdb
[DEBUG  ] Running command: echo -e "25"| /home/oussama/Bureau/gromacs-2021.3/build/bin/gmx trjconv -f MD_70_100.xtc -s MD.tpr -o _GMXMMPBSA_LIG.pdb -n _GMXMMPBSA_COM_index.ndx -dump 0
[DEBUG  ]                      :-) GROMACS - gmx trjconv, 2021.3 (-:
[DEBUG  ] 
[DEBUG  ]                             GROMACS is written by:
[DEBUG  ]      Andrey Alekseenko              Emile Apol              Rossen Apostolov     
[DEBUG  ]          Paul Bauer           Herman J.C. Berendsen           Par Bjelkmar       
[DEBUG  ]        Christian Blau           Viacheslav Bolnykh             Kevin Boyd        
[DEBUG  ]      Aldert van Buuren           Rudi van Drunen             Anton Feenstra      
[DEBUG  ]     Gilles Gouaillardet             Alan Gray               Gerrit Groenhof      
[DEBUG  ]        Anca Hamuraru            Vincent Hindriksen          M. Eric Irrgang      
[DEBUG  ]       Aleksei Iupinov           Christoph Junghans             Joe Jordan        
[DEBUG  ]     Dimitrios Karkoulis            Peter Kasson                Jiri Kraus        
[DEBUG  ]       Carsten Kutzner              Per Larsson              Justin A. Lemkul     
[DEBUG  ]        Viveca Lindahl            Magnus Lundborg             Erik Marklund       
[DEBUG  ]         Pascal Merz             Pieter Meulenhoff            Teemu Murtola       
[DEBUG  ]         Szilard Pall               Sander Pronk              Roland Schulz       
[DEBUG  ]        Michael Shirts            Alexey Shvetsov             Alfons Sijbers      
[DEBUG  ]        Peter Tieleman              Jon Vincent              Teemu Virolainen     
[DEBUG  ]      Christian Wennberg            Maarten Wolf              Artem Zhmurov       
[DEBUG  ]                            and the project leaders:
[DEBUG  ]         Mark Abraham, Berk Hess, Erik Lindahl, and David van der Spoel
[DEBUG  ] 
[DEBUG  ] Copyright (c) 1991-2000, University of Groningen, The Netherlands.
[DEBUG  ] Copyright (c) 2001-2019, The GROMACS development team at
[DEBUG  ] Uppsala University, Stockholm University and
[DEBUG  ] the Royal Institute of Technology, Sweden.
[DEBUG  ] check out http://www.gromacs.org for more information.
[DEBUG  ] 
[DEBUG  ] GROMACS is free software; you can redistribute it and/or modify it
[DEBUG  ] under the terms of the GNU Lesser General Public License
[DEBUG  ] as published by the Free Software Foundation; either version 2.1
[DEBUG  ] of the License, or (at your option) any later version.
[DEBUG  ] 
[DEBUG  ] GROMACS:      gmx trjconv, version 2021.3
[DEBUG  ] Executable:   /home/oussama/Bureau/gromacs-2021.3/build/bin/gmx
[DEBUG  ] Data prefix:  /home/oussama/Bureau/gromacs-2021.3 (source tree)
[DEBUG  ] Working dir:  /media/oussama/Nouveau nom/molecule article/article.3/GROMACS/mb2/Mb2/article3
[DEBUG  ] Command line:
[DEBUG  ]   gmx trjconv -f MD_70_100.xtc -s MD.tpr -o _GMXMMPBSA_LIG.pdb -n _GMXMMPBSA_COM_index.ndx -dump 0
[DEBUG  ] 
[DEBUG  ] Will write pdb: Protein data bank file
[DEBUG  ] Reading file MD.tpr, VERSION 2021.4-Ubuntu-2021.4-2 (single precision)
[DEBUG  ] Reading file MD.tpr, VERSION 2021.4-Ubuntu-2021.4-2 (single precision)
[DEBUG  ] Group     0 (         System) has 37446 elements
[DEBUG  ] Group     1 (        Protein) has  4788 elements
[DEBUG  ] Group     2 (      Protein-H) has  2366 elements
[DEBUG  ] Group     3 (        C-alpha) has   294 elements
[DEBUG  ] Group     4 (       Backbone) has   882 elements
[DEBUG  ] Group     5 (      MainChain) has  1175 elements
[DEBUG  ] Group     6 (   MainChain+Cb) has  1453 elements
[DEBUG  ] Group     7 (    MainChain+H) has  1452 elements
[DEBUG  ] Group     8 (      SideChain) has  3336 elements
[DEBUG  ] Group     9 (    SideChain-H) has  1191 elements
[DEBUG  ] Group    10 (    Prot-Masses) has  4788 elements
[DEBUG  ] Group    11 (    non-Protein) has 32658 elements
[DEBUG  ] Group    12 (          Other) has    53 elements
[DEBUG  ] Group    13 (            LIG) has    53 elements
[DEBUG  ] Group    14 (             NA) has    23 elements
[DEBUG  ] Group    15 (             CL) has    29 elements
[DEBUG  ] Group    16 (          Water) has 32553 elements
[DEBUG  ] Group    17 (            SOL) has 32553 elements
[DEBUG  ] Group    18 (      non-Water) has  4893 elements
[DEBUG  ] Group    19 (            Ion) has    52 elements
[DEBUG  ] Group    20 (            LIG) has    53 elements
[DEBUG  ] Group    21 (             NA) has    23 elements
[DEBUG  ] Group    22 (             CL) has    29 elements
[DEBUG  ] Group    23 ( Water_and_ions) has 32605 elements
[DEBUG  ] Group    24 (  GMXMMPBSA_REC) has  4788 elements
[DEBUG  ] Group    25 (  GMXMMPBSA_LIG) has    53 elements
[DEBUG  ] Group    26 (GMXMMPBSA_REC_GMXMMPBSA_LIG) has  4841 elements
[DEBUG  ] Select a group: Reading frame       0 time 70000.000   
[DEBUG  ] Precision of MD_70_100.xtc is 0.001 (nm)
[DEBUG  ] Reading frame       1 time 70300.000   Reading frame       0 time 70000.000   
[DEBUG  ] Dumping frame at t= 70000 ps
[DEBUG  ] 
[DEBUG  ] GROMACS reminds you: "I love fools' experiments. I am always making them." (Charles Darwin)
[DEBUG  ] 
[DEBUG  ] Note that major changes are planned in future for trjconv, to improve usability and utility.
[DEBUG  ] Select group for output
[DEBUG  ] Selected 25: 'GMXMMPBSA_LIG'
[INFO   ] Checking the structures consistency...
[INFO   ] 
[INFO   ] Using topology conversion. Setting radiopt = 0...
[INFO   ] Building Normal Complex Amber topology...
[INFO   ] Detected CHARMM force field topology format...
[INFO   ] Assigning PBRadii mbondi2 to Complex...
[INFO   ] Writing Normal Complex AMBER topology...
[INFO   ] No Receptor topology file was defined. Using ST approach...
[INFO   ] Building AMBER Receptor topology from Complex...
[INFO   ] Assigning PBRadii mbondi2 to Receptor...
[INFO   ] Writing Normal Receptor AMBER topology...
[INFO   ] No Ligand topology file was defined. Using ST approach...
[INFO   ] Building AMBER Ligand topology from Complex...
[INFO   ] Assigning PBRadii mbondi2 to Ligand...
[INFO   ] Writing Normal Ligand AMBER topology...
[INFO   ] Selecting residues by distance (6 Å) between receptor and ligand for decomposition analysis...
[INFO   ] Selected 34 residues:
R:A:ILE:10  R:A:GLY:11  R:A:GLU:12  R:A:GLY:13  R:A:THR:14  R:A:TYR:15  R:A:GLY:16  R:A:VAL:18  R:A:VAL:30  R:A:ALA:31
R:A:LYS:33  R:A:VAL:64  R:A:PHE:80  R:A:GLU:81  R:A:PHE:82  R:A:LEU:83  R:A:GLN:85  R:A:ASP:86  R:A:LYS:88  R:A:LYS:89
R:A:LYS:129 R:A:GLN:131 R:A:ASN:132 R:A:LEU:133 R:A:LEU:134 R:A:ALA:144 R:A:ASP:145 R:A:LEU:148 R:A:THR:158 R:A:TYR:159
R:A:THR:160 R:A:GLU:162 R:A:VAL:164 L:B:LIG:299

[INFO   ] Cleaning normal complex trajectories...
[DEBUG  ] Running command: echo -e "GMXMMPBSA_REC_GMXMMPBSA_LIG"| /home/oussama/Bureau/gromacs-2021.3/build/bin/gmx trjconv -f MD_70_100.xtc -s MD.tpr -o COM_traj_0.xtc -n _GMXMMPBSA_COM_index.ndx
[DEBUG  ]                      :-) GROMACS - gmx trjconv, 2021.3 (-:
[DEBUG  ] 
[DEBUG  ]                             GROMACS is written by:
[DEBUG  ]      Andrey Alekseenko              Emile Apol              Rossen Apostolov     
[DEBUG  ]          Paul Bauer           Herman J.C. Berendsen           Par Bjelkmar       
[DEBUG  ]        Christian Blau           Viacheslav Bolnykh             Kevin Boyd        
[DEBUG  ]      Aldert van Buuren           Rudi van Drunen             Anton Feenstra      
[DEBUG  ]     Gilles Gouaillardet             Alan Gray               Gerrit Groenhof      
[DEBUG  ]        Anca Hamuraru            Vincent Hindriksen          M. Eric Irrgang      
[DEBUG  ]       Aleksei Iupinov           Christoph Junghans             Joe Jordan        
[DEBUG  ]     Dimitrios Karkoulis            Peter Kasson                Jiri Kraus        
[DEBUG  ]       Carsten Kutzner              Per Larsson              Justin A. Lemkul     
[DEBUG  ]        Viveca Lindahl            Magnus Lundborg             Erik Marklund       
[DEBUG  ]         Pascal Merz             Pieter Meulenhoff            Teemu Murtola       
[DEBUG  ]         Szilard Pall               Sander Pronk              Roland Schulz       
[DEBUG  ]        Michael Shirts            Alexey Shvetsov             Alfons Sijbers      
[DEBUG  ]        Peter Tieleman              Jon Vincent              Teemu Virolainen     
[DEBUG  ]      Christian Wennberg            Maarten Wolf              Artem Zhmurov       
[DEBUG  ]                            and the project leaders:
[DEBUG  ]         Mark Abraham, Berk Hess, Erik Lindahl, and David van der Spoel
[DEBUG  ] 
[DEBUG  ] Copyright (c) 1991-2000, University of Groningen, The Netherlands.
[DEBUG  ] Copyright (c) 2001-2019, The GROMACS development team at
[DEBUG  ] Uppsala University, Stockholm University and
[DEBUG  ] the Royal Institute of Technology, Sweden.
[DEBUG  ] check out http://www.gromacs.org for more information.
[DEBUG  ] 
[DEBUG  ] GROMACS is free software; you can redistribute it and/or modify it
[DEBUG  ] under the terms of the GNU Lesser General Public License
[DEBUG  ] as published by the Free Software Foundation; either version 2.1
[DEBUG  ] of the License, or (at your option) any later version.
[DEBUG  ] 
[DEBUG  ] GROMACS:      gmx trjconv, version 2021.3
[DEBUG  ] Executable:   /home/oussama/Bureau/gromacs-2021.3/build/bin/gmx
[DEBUG  ] Data prefix:  /home/oussama/Bureau/gromacs-2021.3 (source tree)
[DEBUG  ] Working dir:  /media/oussama/Nouveau nom/molecule article/article.3/GROMACS/mb2/Mb2/article3
[DEBUG  ] Command line:
[DEBUG  ]   gmx trjconv -f MD_70_100.xtc -s MD.tpr -o COM_traj_0.xtc -n _GMXMMPBSA_COM_index.ndx
[DEBUG  ] 
[DEBUG  ] Will write xtc: Compressed trajectory (portable xdr format): xtc
[DEBUG  ] Reading file MD.tpr, VERSION 2021.4-Ubuntu-2021.4-2 (single precision)
[DEBUG  ] Reading file MD.tpr, VERSION 2021.4-Ubuntu-2021.4-2 (single precision)
[DEBUG  ] Group     0 (         System) has 37446 elements
[DEBUG  ] Group     1 (        Protein) has  4788 elements
[DEBUG  ] Group     2 (      Protein-H) has  2366 elements
[DEBUG  ] Group     3 (        C-alpha) has   294 elements
[DEBUG  ] Group     4 (       Backbone) has   882 elements
[DEBUG  ] Group     5 (      MainChain) has  1175 elements
[DEBUG  ] Group     6 (   MainChain+Cb) has  1453 elements
[DEBUG  ] Group     7 (    MainChain+H) has  1452 elements
[DEBUG  ] Group     8 (      SideChain) has  3336 elements
[DEBUG  ] Group     9 (    SideChain-H) has  1191 elements
[DEBUG  ] Group    10 (    Prot-Masses) has  4788 elements
[DEBUG  ] Group    11 (    non-Protein) has 32658 elements
[DEBUG  ] Group    12 (          Other) has    53 elements
[DEBUG  ] Group    13 (            LIG) has    53 elements
[DEBUG  ] Group    14 (             NA) has    23 elements
[DEBUG  ] Group    15 (             CL) has    29 elements
[DEBUG  ] Group    16 (          Water) has 32553 elements
[DEBUG  ] Group    17 (            SOL) has 32553 elements
[DEBUG  ] Group    18 (      non-Water) has  4893 elements
[DEBUG  ] Group    19 (            Ion) has    52 elements
[DEBUG  ] Group    20 (            LIG) has    53 elements
[DEBUG  ] Group    21 (             NA) has    23 elements
[DEBUG  ] Group    22 (             CL) has    29 elements
[DEBUG  ] Group    23 ( Water_and_ions) has 32605 elements
[DEBUG  ] Group    24 (  GMXMMPBSA_REC) has  4788 elements
[DEBUG  ] Group    25 (  GMXMMPBSA_LIG) has    53 elements
[DEBUG  ] Group    26 (GMXMMPBSA_REC_GMXMMPBSA_LIG) has  4841 elements
[DEBUG  ] Select a group: Reading frame       0 time 70000.000   
[DEBUG  ] Precision of MD_70_100.xtc is 0.001 (nm)
[DEBUG  ] Using output precision of 0.001 (nm)
[DEBUG  ] 
[DEBUG  ] 
[DEBUG  ] GROMACS reminds you: "I Can't Shake It" (Dinosaur Jr)
[DEBUG  ] 
[DEBUG  ] Note that major changes are planned in future for trjconv, to improve usability and utility.
[DEBUG  ] Select group for output
[DEBUG  ] Selected 26: 'GMXMMPBSA_REC_GMXMMPBSA_LIG'
[INFO   ] Building AMBER topologies from GROMACS files... Done.

[INFO   ] Loading and checking parameter files for compatibility...
[INFO   ] Preparing trajectories for simulation...

[INFO   ] 100 frames were processed by cpptraj for use in calculation.
[INFO   ] Starting calculations in 1 CPUs...
[INFO   ] Running calculations on normal system...
[INFO   ] Beginning GB calculations with /home/oussama/miniconda3/envs/gmxmmpbsa/bin/sander
[INFO   ]   calculating complex contribution...
[INFO   ]   calculating receptor contribution...
[INFO   ]   calculating ligand contribution...
[INFO   ] Parsing results to output files...

[INFO   ] Timing:
[INFO   ] Total GROMACS setup time:                   0.106 min.
[INFO   ] Total AMBER setup time:                     0.009 min.
[INFO   ] Creating trajectories with cpptraj:         0.016 min.
[INFO   ] Total calculation time:                    26.973 min.
[INFO   ] Total GB calculation time:                 26.762 min.
[INFO   ] Statistics calculation & output writing:    0.001 min.
[INFO   ] Total time taken:                          27.107 min.

[INFO   ] 
   Finalizing gmx_MMPBSA: [ERROR  ] = 0; [WARNING] = 0
   Check the gmx_MMPBSA.log file for more details...

[INFO   ] 
 Thank you for using gmx_MMPBSA. Please consider supporting gmx_MMPBSA by citing our publication:
    Valdés-Tresanco, M.S., Valdés-Tresanco, M.E., Valiente, P.A. and Moreno E. 
    gmx_MMPBSA: A New Tool to Perform End-State Free Energy Calculations with GROMACS. 
    J Chem Theory Comput., 2021, 17 (10):6281-6291. Epub 2021 Sep 29. PMID: 34586825.
    https://pubs.acs.org/doi/10.1021/acs.jctc.1c00645

Also consider citing MMPBSA.py:
    Miller III, B. R., McGee Jr., T. D., Swails, J. M. Homeyer, N. Gohlke, H. and Roitberg, A. E.
    MMPBSA.py: An Efficient Program for End-State Free Energy Calculations.
    J. Chem. Theory Comput., 2012, 8 (9) pp 3314-3321

[INFO   ] Opening gmx_MMPBSA_ana to analyze results...

[ERROR  ] Unable to start gmx_MMPBSA_ana...
[INFO   ] Finalized...
